  main.cpp
C:\Users\Admin\Desktop\proj4\winda\main.cpp(34,33): warning C4244: "argument": konwersja z "int" do "float", możliwa utrata danych
C:\Users\Admin\Desktop\proj4\winda\main.cpp(39,33): warning C4244: "argument": konwersja z "int" do "float", możliwa utrata danych
C:\Users\Admin\Desktop\proj4\winda\main.cpp(44,33): warning C4244: "argument": konwersja z "int" do "float", możliwa utrata danych
C:\Users\Admin\Desktop\proj4\winda\main.cpp(49,33): warning C4244: "argument": konwersja z "int" do "float", możliwa utrata danych
C:\Users\Admin\Desktop\proj4\winda\main.cpp(64,40): warning C4244: "argument": konwersja z "const int" do "float", możliwa utrata danych
C:\Users\Admin\Desktop\proj4\winda\main.cpp(64,33): warning C4244: "argument": konwersja z "const int" do "float", możliwa utrata danych
C:\Users\Admin\Desktop\proj4\winda\main.cpp(69,40): warning C4244: "argument": konwersja z "const int" do "float", możliwa utrata danych
C:\Users\Admin\Desktop\proj4\winda\main.cpp(69,33): warning C4244: "argument": konwersja z "const int" do "float", możliwa utrata danych
C:\Users\Admin\Desktop\proj4\winda\main.cpp(74,40): warning C4244: "argument": konwersja z "const int" do "float", możliwa utrata danych
C:\Users\Admin\Desktop\proj4\winda\main.cpp(74,33): warning C4244: "argument": konwersja z "const int" do "float", możliwa utrata danych
C:\Users\Admin\Desktop\proj4\winda\main.cpp(79,40): warning C4244: "argument": konwersja z "const int" do "float", możliwa utrata danych
C:\Users\Admin\Desktop\proj4\winda\main.cpp(79,33): warning C4244: "argument": konwersja z "const int" do "float", możliwa utrata danych
C:\Users\Admin\Desktop\proj4\winda\main.cpp(139,40): warning C4305: "argument": obcięcie z "double" do "T"
          with
          [
              T=float
          ]
C:\Users\Admin\Desktop\proj4\winda\main.cpp(139,35): warning C4305: "argument": obcięcie z "double" do "T"
          with
          [
              T=float
          ]
C:\Users\Admin\Desktop\proj4\winda\main.cpp(145,40): warning C4305: "argument": obcięcie z "double" do "T"
          with
          [
              T=float
          ]
C:\Users\Admin\Desktop\proj4\winda\main.cpp(145,35): warning C4305: "argument": obcięcie z "double" do "T"
          with
          [
              T=float
          ]
C:\Users\Admin\Desktop\proj4\winda\main.cpp(151,40): warning C4305: "argument": obcięcie z "double" do "T"
          with
          [
              T=float
          ]
C:\Users\Admin\Desktop\proj4\winda\main.cpp(151,35): warning C4305: "argument": obcięcie z "double" do "T"
          with
          [
              T=float
          ]
C:\Users\Admin\Desktop\proj4\winda\main.cpp(157,40): warning C4305: "argument": obcięcie z "double" do "T"
          with
          [
              T=float
          ]
C:\Users\Admin\Desktop\proj4\winda\main.cpp(157,35): warning C4305: "argument": obcięcie z "double" do "T"
          with
          [
              T=float
          ]
C:\Users\Admin\Desktop\proj4\winda\main.cpp(239,22): warning C4018: "<": niezgodność typu ze znakiem/bez znaku
C:\Users\Admin\Desktop\proj4\winda\main.cpp(243,22): warning C4018: "<": niezgodność typu ze znakiem/bez znaku
C:\Users\Admin\Desktop\proj4\winda\main.cpp(247,22): warning C4018: "<": niezgodność typu ze znakiem/bez znaku
C:\Users\Admin\Desktop\proj4\winda\main.cpp(251,22): warning C4018: "<": niezgodność typu ze znakiem/bez znaku
C:\Users\Admin\Desktop\proj4\winda\main.cpp(311,25): warning C4018: "<": niezgodność typu ze znakiem/bez znaku
C:\Users\Admin\Desktop\proj4\winda\main.cpp(360,25): warning C4018: "<": niezgodność typu ze znakiem/bez znaku
C:\Users\Admin\Desktop\proj4\winda\main.cpp(367,24): warning C4018: "<": niezgodność typu ze znakiem/bez znaku
C:\Users\Admin\Desktop\proj4\winda\main.cpp(395,39): warning C4244: "argument": konwersja z "int" do "float", możliwa utrata danych
C:\Users\Admin\Desktop\proj4\winda\main.cpp(465,40): warning C4244: "argument": konwersja z "int" do "float", możliwa utrata danych
C:\Users\Admin\Desktop\proj4\winda\main.cpp(465,27): warning C4244: "argument": konwersja z "int" do "float", możliwa utrata danych
C:\Users\Admin\Desktop\proj4\winda\main.cpp(474,58): warning C4244: "argument": konwersja z "int" do "float", możliwa utrata danych
C:\Users\Admin\Desktop\proj4\winda\main.cpp(474,38): warning C4244: "argument": konwersja z "int" do "float", możliwa utrata danych
C:\Users\Admin\Desktop\proj4\winda\main.cpp(479,56): warning C4244: "argument": konwersja z "int" do "float", możliwa utrata danych
C:\Users\Admin\Desktop\proj4\winda\main.cpp(479,36): warning C4244: "argument": konwersja z "int" do "float", możliwa utrata danych
C:\Users\Admin\Desktop\proj4\winda\main.cpp(504,34): warning C4244: "argument": konwersja z "int" do "float", możliwa utrata danych
C:\Users\Admin\Desktop\proj4\winda\main.cpp(504,22): warning C4244: "argument": konwersja z "int" do "float", możliwa utrata danych
C:\Users\Admin\Desktop\proj4\winda\main.cpp(597,38): warning C4244: "=": konwersja z "sf::Int64" do "int", możliwa utrata danych
C:\Users\Admin\Desktop\proj4\winda\main.cpp(610,38): warning C4244: "=": konwersja z "sf::Int64" do "int", możliwa utrata danych
C:\Users\Admin\Desktop\proj4\winda\main.cpp(579): warning C4715: "pozycja”: niewszystkie ścieżki kodu zwracają wartość
  winda.vcxproj -> C:\Users\Admin\Desktop\proj4\Debug\winda.exe
